<?xml version="1.0" encoding="UTF-8"?>
<!-- Generated by org.testng.reporters.JUnitReportReporter -->
<testsuite hostname="Z14-55M" failures="0" tests="12" name="com.framework.tests.AmazonSearchTest" time="496.771" errors="0" timestamp="2026-03-08T22:01:43 IST" skipped="0">
  <testcase classname="com.framework.tests.AmazonSearchTest" name="testAmazonProductSearch" time="42.034"/>
  <testcase classname="com.framework.tests.AmazonSearchTest" name="testAmazonProductSearch" time="42.391"/>
  <testcase classname="com.framework.tests.AmazonSearchTest" name="testAmazonProductSearch" time="41.702"/>
  <testcase classname="com.framework.tests.AmazonSearchTest" name="testAmazonProductSearch" time="47.324"/>
  <testcase classname="com.framework.tests.AmazonSearchTest" name="testAmazonProductSearch" time="43.500"/>
  <testcase classname="com.framework.tests.AmazonSearchTest" name="testAmazonProductSearch" time="44.479"/>
  <testcase classname="com.framework.tests.AmazonSearchTest" name="testAmazonProductSearch" time="48.653"/>
  <testcase classname="com.framework.tests.AmazonSearchTest" name="testAmazonProductSearch" time="46.712"/>
  <testcase classname="com.framework.tests.AmazonSearchTest" name="testAmazonProductSearch" time="41.021"/>
  <testcase classname="com.framework.tests.AmazonSearchTest" name="testAmazonProductSearch" time="43.718"/>
  <testcase classname="com.framework.tests.AmazonSearchTest" name="testAmazonProductSearch" time="43.704"/>
  <testcase classname="com.framework.tests.AmazonSearchTest" name="testAmazonProductSearch" time="11.533"/>
</testsuite> <!-- com.framework.tests.AmazonSearchTest -->
