<?xml version="1.0" encoding="UTF-8"?>
<testsuite xmlns:xsi="http://www.w3.org/2001/XMLSchema-instance" xsi:noNamespaceSchemaLocation="https://maven.apache.org/surefire/maven-surefire-plugin/xsd/surefire-test-report-3.0.xsd" version="3.0" name="TestSuite" time="500.229" tests="12" errors="0" skipped="0" failures="0">
  <properties>
[...]
</properties>
  <testcase name="testAmazonProductSearch[iPhone 15, Electronics, pass, 5, Search for iPhone 15 smartphone](1)" classname="com.framework.tests.AmazonSearchTest" time="36.831">
    <system-out><![CDATA[21:53:24.771 [main] INFO  com.framework.utils.ExtentReportManager - Extent report initialized: reports/AmazonTestReport_2026-03-08_21-53-24.html
21:53:24.775 [main] INFO  com.framework.base.BaseTest - === Amazon Data-Driven Test Suite Started ===
21:53:25.807 [main] INFO  com.framework.utils.ExcelUtils - Reading 12 rows from sheet: SearchData
21:53:25.828 [main] INFO  com.framework.utils.TestDataProvider - Loaded 12 Amazon search test cases
21:53:25.849 [main] INFO  com.framework.base.BaseTest - Setting up browser: chrome
21:53:29.540 [main] INFO  com.framework.base.BaseTest - Browser launched successfully: chrome
21:53:31.092 [main] INFO  com.framework.pages.AmazonHomePage - Navigated to Amazon India
21:53:35.918 [main] INFO  com.framework.pages.AmazonHomePage - Searching for: iPhone 15
21:53:36.759 [main] INFO  com.framework.pages.AmazonHomePage - Search submitted for: iPhone 15
21:53:39.748 [main] INFO  com.framework.pages.AmazonHomePage - Search results found: 19
21:54:09.931 [main] ERROR com.framework.pages.AmazonHomePage - Could not get product title: Expected condition failed: waiting for presence of element located by: By.cssSelector: h2 a span (tried for 30 second(s) with 500 milliseconds interval)
]]></system-out>
    <system-err><![CDATA[SLF4J: Failed to load class "org.slf4j.impl.StaticLoggerBinder".
SLF4J: Defaulting to no-operation (NOP) logger implementation
SLF4J: See http://www.slf4j.org/codes.html#StaticLoggerBinder for further details.
Mar 08, 2026 9:53:29 PM org.openqa.selenium.devtools.CdpVersionFinder findNearestMatch
WARNING: Unable to find CDP implementation matching 145
Mar 08, 2026 9:53:29 PM org.openqa.selenium.chromium.ChromiumDriver lambda$new$5
WARNING: Unable to find version of CDP to use for 145.0.7632.160. You may need to include a dependency on a specific version of the CDP using something similar to `org.seleniumhq.selenium:selenium-devtools-v86:4.18.1` where the version ("v86") matches the version of the chromium-based browser you're using and the version number of the artifact is the same as Selenium's.
]]></system-err>
  </testcase>
  <testcase name="testAmazonProductSearch[Samsung Galaxy S24, Electronics, pass, 5, Search for Samsung flagship phone](2)" classname="com.framework.tests.AmazonSearchTest" time="39.045">
    <system-out><![CDATA[21:54:09.941 [main] INFO  com.framework.base.BaseTest - TEST PASSED: testAmazonProductSearch
21:54:09.941 [main] INFO  com.framework.base.BaseTest - Closing browser
21:54:10.466 [main] INFO  com.framework.base.BaseTest - Setting up browser: chrome
21:54:11.804 [main] INFO  com.framework.base.BaseTest - Browser launched successfully: chrome
21:54:14.137 [main] INFO  com.framework.pages.AmazonHomePage - Navigated to Amazon India
21:54:18.863 [main] INFO  com.framework.pages.AmazonHomePage - Searching for: Samsung Galaxy S24
21:54:22.661 [main] INFO  com.framework.pages.AmazonHomePage - Search submitted for: Samsung Galaxy S24
21:54:24.699 [main] INFO  com.framework.pages.AmazonHomePage - Search results found: 20
21:54:55.193 [main] ERROR com.framework.pages.AmazonHomePage - Could not get product title: Expected condition failed: waiting for presence of element located by: By.cssSelector: h2 a span (tried for 30 second(s) with 500 milliseconds interval)
]]></system-out>
    <system-err><![CDATA[Mar 08, 2026 9:54:11 PM org.openqa.selenium.devtools.CdpVersionFinder findNearestMatch
WARNING: Unable to find CDP implementation matching 145
Mar 08, 2026 9:54:11 PM org.openqa.selenium.chromium.ChromiumDriver lambda$new$5
WARNING: Unable to find version of CDP to use for 145.0.7632.160. You may need to include a dependency on a specific version of the CDP using something similar to `org.seleniumhq.selenium:selenium-devtools-v86:4.18.1` where the version ("v86") matches the version of the chromium-based browser you're using and the version number of the artifact is the same as Selenium's.
]]></system-err>
  </testcase>
  <testcase name="testAmazonProductSearch[laptop, Computers, pass, 10, Generic laptop search](3)" classname="com.framework.tests.AmazonSearchTest" time="38.763">
    <system-out><![CDATA[21:54:55.195 [main] INFO  com.framework.base.BaseTest - TEST PASSED: testAmazonProductSearch
21:54:55.195 [main] INFO  com.framework.base.BaseTest - Closing browser
21:54:55.529 [main] INFO  com.framework.base.BaseTest - Setting up browser: chrome
21:54:56.496 [main] INFO  com.framework.base.BaseTest - Browser launched successfully: chrome
21:55:02.835 [main] INFO  com.framework.pages.AmazonHomePage - Navigated to Amazon India
21:55:09.425 [main] INFO  com.framework.pages.AmazonHomePage - Searching for: laptop
21:55:10.241 [main] INFO  com.framework.pages.AmazonHomePage - Search submitted for: laptop
21:55:13.559 [main] INFO  com.framework.pages.AmazonHomePage - Search results found: 22
21:55:43.598 [main] ERROR com.framework.pages.AmazonHomePage - Could not get product title: Expected condition failed: waiting for presence of element located by: By.cssSelector: h2 a span (tried for 30 second(s) with 500 milliseconds interval)
]]></system-out>
    <system-err><![CDATA[Mar 08, 2026 9:54:56 PM org.openqa.selenium.devtools.CdpVersionFinder findNearestMatch
WARNING: Unable to find CDP implementation matching 145
Mar 08, 2026 9:54:56 PM org.openqa.selenium.chromium.ChromiumDriver lambda$new$5
WARNING: Unable to find version of CDP to use for 145.0.7632.160. You may need to include a dependency on a specific version of the CDP using something similar to `org.seleniumhq.selenium:selenium-devtools-v86:4.18.1` where the version ("v86") matches the version of the chromium-based browser you're using and the version number of the artifact is the same as Selenium's.
]]></system-err>
  </testcase>
  <testcase name="testAmazonProductSearch[Nike shoes, Footwear, pass, 5, Search for Nike brand shoes](4)" classname="com.framework.tests.AmazonSearchTest" time="37.262">
    <system-out><![CDATA[21:55:43.600 [main] INFO  com.framework.base.BaseTest - TEST PASSED: testAmazonProductSearch
21:55:43.600 [main] INFO  com.framework.base.BaseTest - Closing browser
21:55:44.100 [main] INFO  com.framework.base.BaseTest - Setting up browser: chrome
21:55:45.033 [main] INFO  com.framework.base.BaseTest - Browser launched successfully: chrome
21:55:46.548 [main] INFO  com.framework.pages.AmazonHomePage - Navigated to Amazon India
21:55:49.938 [main] INFO  com.framework.pages.AmazonHomePage - Searching for: Nike shoes
21:55:53.502 [main] INFO  com.framework.pages.AmazonHomePage - Search submitted for: Nike shoes
21:55:55.531 [main] INFO  com.framework.pages.AmazonHomePage - Search results found: 60
21:56:25.822 [main] ERROR com.framework.pages.AmazonHomePage - Could not get product title: Expected condition failed: waiting for presence of element located by: By.cssSelector: h2 a span (tried for 30 second(s) with 500 milliseconds interval)
]]></system-out>
    <system-err><![CDATA[Mar 08, 2026 9:55:44 PM org.openqa.selenium.devtools.CdpVersionFinder findNearestMatch
WARNING: Unable to find CDP implementation matching 145
Mar 08, 2026 9:55:44 PM org.openqa.selenium.chromium.ChromiumDriver lambda$new$5
WARNING: Unable to find version of CDP to use for 145.0.7632.160. You may need to include a dependency on a specific version of the CDP using something similar to `org.seleniumhq.selenium:selenium-devtools-v86:4.18.1` where the version ("v86") matches the version of the chromium-based browser you're using and the version number of the artifact is the same as Selenium's.
]]></system-err>
  </testcase>
  <testcase name="testAmazonProductSearch[boAt earphones, Electronics, pass, 5, Search for boAt audio products](5)" classname="com.framework.tests.AmazonSearchTest" time="36.28">
    <system-out><![CDATA[21:56:25.822 [main] INFO  com.framework.base.BaseTest - TEST PASSED: testAmazonProductSearch
21:56:25.822 [main] INFO  com.framework.base.BaseTest - Closing browser
21:56:26.227 [main] INFO  com.framework.base.BaseTest - Setting up browser: chrome
21:56:27.118 [main] INFO  com.framework.base.BaseTest - Browser launched successfully: chrome
21:56:28.304 [main] INFO  com.framework.pages.AmazonHomePage - Navigated to Amazon India
21:56:32.384 [main] INFO  com.framework.pages.AmazonHomePage - Searching for: boAt earphones
21:56:33.212 [main] INFO  com.framework.pages.AmazonHomePage - Search submitted for: boAt earphones
21:56:36.330 [main] INFO  com.framework.pages.AmazonHomePage - Search results found: 22
21:57:06.585 [main] ERROR com.framework.pages.AmazonHomePage - Could not get product title: Expected condition failed: waiting for presence of element located by: By.cssSelector: h2 a span (tried for 30 second(s) with 500 milliseconds interval)
]]></system-out>
    <system-err><![CDATA[Mar 08, 2026 9:56:27 PM org.openqa.selenium.devtools.CdpVersionFinder findNearestMatch
WARNING: Unable to find CDP implementation matching 145
Mar 08, 2026 9:56:27 PM org.openqa.selenium.chromium.ChromiumDriver lambda$new$5
WARNING: Unable to find version of CDP to use for 145.0.7632.160. You may need to include a dependency on a specific version of the CDP using something similar to `org.seleniumhq.selenium:selenium-devtools-v86:4.18.1` where the version ("v86") matches the version of the chromium-based browser you're using and the version number of the artifact is the same as Selenium's.
]]></system-err>
  </testcase>
  <testcase name="testAmazonProductSearch[kurta, Clothing, pass, 10, Search for traditional Indian wear](6)" classname="com.framework.tests.AmazonSearchTest" time="38.773">
    <system-out><![CDATA[21:57:06.601 [main] INFO  com.framework.base.BaseTest - TEST PASSED: testAmazonProductSearch
21:57:06.601 [main] INFO  com.framework.base.BaseTest - Closing browser
21:57:06.994 [main] INFO  com.framework.base.BaseTest - Setting up browser: chrome
21:57:07.944 [main] INFO  com.framework.base.BaseTest - Browser launched successfully: chrome
21:57:09.506 [main] INFO  com.framework.pages.AmazonHomePage - Navigated to Amazon India
21:57:13.195 [main] INFO  com.framework.pages.AmazonHomePage - Searching for: kurta
21:57:17.942 [main] INFO  com.framework.pages.AmazonHomePage - Search submitted for: kurta
21:57:19.977 [main] INFO  com.framework.pages.AmazonHomePage - Search results found: 60
21:57:50.270 [main] ERROR com.framework.pages.AmazonHomePage - Could not get product title: Expected condition failed: waiting for presence of element located by: By.cssSelector: h2 a span (tried for 30 second(s) with 500 milliseconds interval)
]]></system-out>
    <system-err><![CDATA[Mar 08, 2026 9:57:07 PM org.openqa.selenium.devtools.CdpVersionFinder findNearestMatch
WARNING: Unable to find CDP implementation matching 145
Mar 08, 2026 9:57:07 PM org.openqa.selenium.chromium.ChromiumDriver lambda$new$5
WARNING: Unable to find version of CDP to use for 145.0.7632.160. You may need to include a dependency on a specific version of the CDP using something similar to `org.seleniumhq.selenium:selenium-devtools-v86:4.18.1` where the version ("v86") matches the version of the chromium-based browser you're using and the version number of the artifact is the same as Selenium's.
]]></system-err>
  </testcase>
  <testcase name="testAmazonProductSearch[pressure cooker, Kitchen, pass, 5, Search for kitchen appliances](7)" classname="com.framework.tests.AmazonSearchTest" time="41.753">
    <system-out><![CDATA[21:57:50.288 [main] INFO  com.framework.base.BaseTest - TEST PASSED: testAmazonProductSearch
21:57:50.288 [main] INFO  com.framework.base.BaseTest - Closing browser
21:57:50.724 [main] INFO  com.framework.base.BaseTest - Setting up browser: chrome
21:57:51.778 [main] INFO  com.framework.base.BaseTest - Browser launched successfully: chrome
21:57:53.058 [main] INFO  com.framework.pages.AmazonHomePage - Navigated to Amazon India
21:57:59.659 [main] INFO  com.framework.pages.AmazonHomePage - Searching for: pressure cooker
21:58:04.644 [main] INFO  com.framework.pages.AmazonHomePage - Search submitted for: pressure cooker
21:58:06.676 [main] INFO  com.framework.pages.AmazonHomePage - Search results found: 60
21:58:36.820 [main] ERROR com.framework.pages.AmazonHomePage - Could not get product title: Expected condition failed: waiting for presence of element located by: By.cssSelector: h2 a span (tried for 30 second(s) with 500 milliseconds interval)
]]></system-out>
    <system-err><![CDATA[Mar 08, 2026 9:57:51 PM org.openqa.selenium.devtools.CdpVersionFinder findNearestMatch
WARNING: Unable to find CDP implementation matching 145
Mar 08, 2026 9:57:51 PM org.openqa.selenium.chromium.ChromiumDriver lambda$new$5
WARNING: Unable to find version of CDP to use for 145.0.7632.160. You may need to include a dependency on a specific version of the CDP using something similar to `org.seleniumhq.selenium:selenium-devtools-v86:4.18.1` where the version ("v86") matches the version of the chromium-based browser you're using and the version number of the artifact is the same as Selenium's.
]]></system-err>
  </testcase>
  <testcase name="testAmazonProductSearch[Harry Potter books, Books, pass, 3, Search for Harry Potter series](8)" classname="com.framework.tests.AmazonSearchTest" time="37.315">
    <system-out><![CDATA[21:58:36.821 [main] INFO  com.framework.base.BaseTest - TEST PASSED: testAmazonProductSearch
21:58:36.821 [main] INFO  com.framework.base.BaseTest - Closing browser
21:58:37.218 [main] INFO  com.framework.base.BaseTest - Setting up browser: chrome
21:58:38.200 [main] INFO  com.framework.base.BaseTest - Browser launched successfully: chrome
21:58:39.947 [main] INFO  com.framework.pages.AmazonHomePage - Navigated to Amazon India
21:58:42.946 [main] INFO  com.framework.pages.AmazonHomePage - Searching for: Harry Potter books
21:58:46.933 [main] INFO  com.framework.pages.AmazonHomePage - Search submitted for: Harry Potter books
21:58:48.957 [main] INFO  com.framework.pages.AmazonHomePage - Search results found: 22
21:59:19.266 [main] ERROR com.framework.pages.AmazonHomePage - Could not get product title: Expected condition failed: waiting for presence of element located by: By.cssSelector: h2 a span (tried for 30 second(s) with 500 milliseconds interval)
]]></system-out>
    <system-err><![CDATA[Mar 08, 2026 9:58:38 PM org.openqa.selenium.devtools.CdpVersionFinder findNearestMatch
WARNING: Unable to find CDP implementation matching 145
Mar 08, 2026 9:58:38 PM org.openqa.selenium.chromium.ChromiumDriver lambda$new$5
WARNING: Unable to find version of CDP to use for 145.0.7632.160. You may need to include a dependency on a specific version of the CDP using something similar to `org.seleniumhq.selenium:selenium-devtools-v86:4.18.1` where the version ("v86") matches the version of the chromium-based browser you're using and the version number of the artifact is the same as Selenium's.
]]></system-err>
  </testcase>
  <testcase name="testAmazonProductSearch[yoga mat, Sports, pass, 5, Search for fitness equipment](9)" classname="com.framework.tests.AmazonSearchTest" time="39.008">
    <system-out><![CDATA[21:59:19.266 [main] INFO  com.framework.base.BaseTest - TEST PASSED: testAmazonProductSearch
21:59:19.266 [main] INFO  com.framework.base.BaseTest - Closing browser
21:59:19.665 [main] INFO  com.framework.base.BaseTest - Setting up browser: chrome
21:59:20.592 [main] INFO  com.framework.base.BaseTest - Browser launched successfully: chrome
21:59:21.938 [main] INFO  com.framework.pages.AmazonHomePage - Navigated to Amazon India
21:59:25.895 [main] INFO  com.framework.pages.AmazonHomePage - Searching for: yoga mat
21:59:30.663 [main] INFO  com.framework.pages.AmazonHomePage - Search submitted for: yoga mat
21:59:32.695 [main] INFO  com.framework.pages.AmazonHomePage - Search results found: 60
22:00:02.957 [main] ERROR com.framework.pages.AmazonHomePage - Could not get product title: Expected condition failed: waiting for presence of element located by: By.cssSelector: h2 a span (tried for 30 second(s) with 500 milliseconds interval)
]]></system-out>
    <system-err><![CDATA[Mar 08, 2026 9:59:20 PM org.openqa.selenium.devtools.CdpVersionFinder findNearestMatch
WARNING: Unable to find CDP implementation matching 145
Mar 08, 2026 9:59:20 PM org.openqa.selenium.chromium.ChromiumDriver lambda$new$5
WARNING: Unable to find version of CDP to use for 145.0.7632.160. You may need to include a dependency on a specific version of the CDP using something similar to `org.seleniumhq.selenium:selenium-devtools-v86:4.18.1` where the version ("v86") matches the version of the chromium-based browser you're using and the version number of the artifact is the same as Selenium's.
]]></system-err>
  </testcase>
  <testcase name="testAmazonProductSearch[face wash, Beauty, pass, 10, Search for skincare products](10)" classname="com.framework.tests.AmazonSearchTest" time="42.2">
    <system-out><![CDATA[22:00:02.958 [main] INFO  com.framework.base.BaseTest - TEST PASSED: testAmazonProductSearch
22:00:02.959 [main] INFO  com.framework.base.BaseTest - Closing browser
22:00:03.297 [main] INFO  com.framework.base.BaseTest - Setting up browser: chrome
22:00:04.417 [main] INFO  com.framework.base.BaseTest - Browser launched successfully: chrome
22:00:05.633 [main] INFO  com.framework.pages.AmazonHomePage - Navigated to Amazon India
22:00:11.454 [main] INFO  com.framework.pages.AmazonHomePage - Searching for: face wash
22:00:17.507 [main] INFO  com.framework.pages.AmazonHomePage - Search submitted for: face wash
22:00:19.543 [main] INFO  com.framework.pages.AmazonHomePage - Search results found: 60
22:00:49.848 [main] ERROR com.framework.pages.AmazonHomePage - Could not get product title: Expected condition failed: waiting for presence of element located by: By.cssSelector: h2 a span (tried for 30 second(s) with 500 milliseconds interval)
]]></system-out>
    <system-err><![CDATA[Mar 08, 2026 10:00:04 PM org.openqa.selenium.devtools.CdpVersionFinder findNearestMatch
WARNING: Unable to find CDP implementation matching 145
Mar 08, 2026 10:00:04 PM org.openqa.selenium.chromium.ChromiumDriver lambda$new$5
WARNING: Unable to find version of CDP to use for 145.0.7632.160. You may need to include a dependency on a specific version of the CDP using something similar to `org.seleniumhq.selenium:selenium-devtools-v86:4.18.1` where the version ("v86") matches the version of the chromium-based browser you're using and the version number of the artifact is the same as Selenium's.
]]></system-err>
  </testcase>
  <testcase name="testAmazonProductSearch[xyzabc123notaproduct, Invalid, fail, 0, Search for non-existent product](11)" classname="com.framework.tests.AmazonSearchTest" time="6.92">
    <system-out><![CDATA[22:00:49.849 [main] INFO  com.framework.base.BaseTest - TEST PASSED: testAmazonProductSearch
22:00:49.850 [main] INFO  com.framework.base.BaseTest - Closing browser
22:00:50.196 [main] INFO  com.framework.base.BaseTest - Setting up browser: chrome
22:00:51.166 [main] INFO  com.framework.base.BaseTest - Browser launched successfully: chrome
22:00:52.563 [main] INFO  com.framework.pages.AmazonHomePage - Navigated to Amazon India
22:00:56.042 [main] INFO  com.framework.pages.AmazonHomePage - Searching for: xyzabc123notaproduct
22:00:59.490 [main] INFO  com.framework.pages.AmazonHomePage - Search submitted for: xyzabc123notaproduct
]]></system-out>
    <system-err><![CDATA[Mar 08, 2026 10:00:51 PM org.openqa.selenium.devtools.CdpVersionFinder findNearestMatch
WARNING: Unable to find CDP implementation matching 145
Mar 08, 2026 10:00:51 PM org.openqa.selenium.chromium.ChromiumDriver lambda$new$5
WARNING: Unable to find version of CDP to use for 145.0.7632.160. You may need to include a dependency on a specific version of the CDP using something similar to `org.seleniumhq.selenium:selenium-devtools-v86:4.18.1` where the version ("v86") matches the version of the chromium-based browser you're using and the version number of the artifact is the same as Selenium's.
]]></system-err>
  </testcase>
  <testcase name="testAmazonProductSearch[wireless mouse, Electronics, pass, 5, Search for computer accessories](12)" classname="com.framework.tests.AmazonSearchTest" time="36.323">
    <system-out><![CDATA[22:01:01.498 [main] INFO  com.framework.base.BaseTest - TEST PASSED: testAmazonProductSearch
22:01:01.498 [main] INFO  com.framework.base.BaseTest - Closing browser
22:01:01.831 [main] INFO  com.framework.base.BaseTest - Setting up browser: chrome
22:01:02.787 [main] INFO  com.framework.base.BaseTest - Browser launched successfully: chrome
22:01:03.960 [main] INFO  com.framework.pages.AmazonHomePage - Navigated to Amazon India
22:01:08.269 [main] INFO  com.framework.pages.AmazonHomePage - Searching for: wireless mouse
22:01:09.097 [main] INFO  com.framework.pages.AmazonHomePage - Search submitted for: wireless mouse
22:01:12.129 [main] INFO  com.framework.pages.AmazonHomePage - Search results found: 22
22:01:42.274 [main] ERROR com.framework.pages.AmazonHomePage - Could not get product title: Expected condition failed: waiting for presence of element located by: By.cssSelector: h2 a span (tried for 30 second(s) with 500 milliseconds interval)
]]></system-out>
    <system-err><![CDATA[Mar 08, 2026 10:01:02 PM org.openqa.selenium.devtools.CdpVersionFinder findNearestMatch
WARNING: Unable to find CDP implementation matching 145
Mar 08, 2026 10:01:02 PM org.openqa.selenium.chromium.ChromiumDriver lambda$new$5
WARNING: Unable to find version of CDP to use for 145.0.7632.160. You may need to include a dependency on a specific version of the CDP using something similar to `org.seleniumhq.selenium:selenium-devtools-v86:4.18.1` where the version ("v86") matches the version of the chromium-based browser you're using and the version number of the artifact is the same as Selenium's.
]]></system-err>
  </testcase>
</testsuite>