<?xml version="1.0" encoding="UTF-8"?>
<!-- Generated by org.testng.reporters.JUnitXMLReporter -->
<testsuite ignored="0" hostname="Z14-55M" failures="0" tests="12" name="Amazon Search Tests - Chrome" time="497.896" errors="0" timestamp="2026-03-08T22:01:42 IST">
  <testcase classname="com.framework.tests.AmazonSearchTest" name="testAmazonProductSearch" time="36.834"/>
  <testcase classname="com.framework.tests.AmazonSearchTest" name="testAmazonProductSearch" time="39.045"/>
  <testcase classname="com.framework.tests.AmazonSearchTest" name="testAmazonProductSearch" time="38.762"/>
  <testcase classname="com.framework.tests.AmazonSearchTest" name="testAmazonProductSearch" time="37.263"/>
  <testcase classname="com.framework.tests.AmazonSearchTest" name="testAmazonProductSearch" time="36.265"/>
  <testcase classname="com.framework.tests.AmazonSearchTest" name="testAmazonProductSearch" time="38.757"/>
  <testcase classname="com.framework.tests.AmazonSearchTest" name="testAmazonProductSearch" time="41.752"/>
  <testcase classname="com.framework.tests.AmazonSearchTest" name="testAmazonProductSearch" time="37.316"/>
  <testcase classname="com.framework.tests.AmazonSearchTest" name="testAmazonProductSearch" time="39.012"/>
  <testcase classname="com.framework.tests.AmazonSearchTest" name="testAmazonProductSearch" time="42.199"/>
  <testcase classname="com.framework.tests.AmazonSearchTest" name="testAmazonProductSearch" time="6.922"/>
  <testcase classname="com.framework.tests.AmazonSearchTest" name="testAmazonProductSearch" time="36.311"/>
</testsuite> <!-- Amazon Search Tests - Chrome -->
